commit 10ee4bda7d42d3f0969d8d86cd011f377876c4ef
Author: Matthew Ahern <matt.r.ahern@gmail.com>
Date:   Sun Jul 7 20:32:21 2019 -0500

    update accordion item to func comp

commit f89658c9cd0d35e8f1839f1de3ae65c7f0b3e201
Author: Matthew Ahern <matt.r.ahern@gmail.com>
Date:   Sun Jul 7 20:13:21 2019 -0500

    fix: removing console.logs

commit ca70d4e43106655f9c2537819509a9500b941aa3
Author: Matthew Ahern <matt.r.ahern@gmail.com>
Date:   Sun Jul 7 20:09:15 2019 -0500

    fix: remove error for error not displaying

commit 694469c0b2b39031e6d10383652caaac07fc2a5b
Author: Matthew Ahern <matt.r.ahern@gmail.com>
Date:   Sun Jul 7 19:51:44 2019 -0500

    phase 1 overhaul of redux

commit 230949023c3bfda6bd54c06cfbb97fa31b3eb9d9
Author: Matthew Ahern <matt.r.ahern@gmail.com>
Date:   Sun Jul 7 18:31:20 2019 -0500

    fix: ridiculously sized commit/refactor

commit 496c32be55d0c4b4125c9cb67b1226daecd10cf8
Author: Matthew Ahern <matt.r.ahern@gmail.com>
Date:   Sun Jul 7 17:27:37 2019 -0500

    create tests for text input

commit acdf3417868258d4a9c9c3e120de6440368ac4a7
Author: Matthew Ahern <matt.r.ahern@gmail.com>
Date:   Sun Jul 7 17:17:10 2019 -0500

    fix: add tests for dumb components

commit c8987c66c4fca80cc19f0e327b6d3d63a6e04df4
Author: Matthew Ahern <matt.r.ahern@gmail.com>
Date:   Sun Jul 7 16:54:50 2019 -0500

    fix: simplify accordion component

commit 90c6deddfd8cf58f2397184305817fd9feec409d
Author: Matthew Ahern <matt.r.ahern@gmail.com>
Date:   Sun Jul 7 16:35:45 2019 -0500

    fix: create alert handler component

commit 4136c7f2333bd6167e9fdb18f8eb5802ba6cd849
Author: Matthew Ahern <matt.r.ahern@gmail.com>
Date:   Sun Jul 7 16:19:22 2019 -0500

    fix: cleanup route planner children

commit 302e7b718fe4710add00b5100d4ff076c231442c
Author: Matthew Ahern <matt.r.ahern@gmail.com>
Date:   Sun Jul 7 15:53:33 2019 -0500

    fix: expand ui of route editor component

commit b65fb1ee7e0cecbe860f5accd86c8303e9e910ba
Author: Matthew Ahern <matt.r.ahern@gmail.com>
Date:   Sun Jul 7 15:24:01 2019 -0500

    fix: map array of stops

commit 40202e027ba600181baf42b5e5247a90484d9fba
Author: Matthew Ahern <matt.r.ahern@gmail.com>
Date:   Sun Jul 7 15:19:32 2019 -0500

    fix: misc styling and item now reads completed attribute

commit 2a70f51b95903773f4d703690d8d6229544f179e
Author: Matthew Ahern <matt.r.ahern@gmail.com>
Date:   Sun Jul 7 15:08:07 2019 -0500

    fix: elaborate on stop item

commit b775c339d6ed8ccefca8ce05d60d26747ea28e05
Author: Matthew Ahern <matt.r.ahern@gmail.com>
Date:   Sun Jul 7 14:52:14 2019 -0500

    fix: fix create stop component and stub out stops item

commit 4842ced8039015ff855561bfd0fc1e8de74af0de
Author: Matthew Ahern <matt.r.ahern@gmail.com>
Date:   Sun Jul 7 14:41:33 2019 -0500

    fix:  refactor scss and import logo

commit 0f7e097fde5c94135dcc6fecac59e0fe7a693959
Author: Matthew Ahern <matt.r.ahern@gmail.com>
Date:   Sun Jul 7 14:12:16 2019 -0500

    fix: test basic display of app in the route planner

commit 03eaa8c67d19e2dabc36f73997646bd2a415c4aa
Author: Matthew Ahern <matt.r.ahern@gmail.com>
Date:   Sun Jul 7 14:11:26 2019 -0500

    fix: create wrapper component and delete duplicate component

commit c049f139c9c97fc9e5bbc0148d384c5b539d25ea
Author: Matthew Ahern <matt.r.ahern@gmail.com>
Date:   Sun Jul 7 14:10:18 2019 -0500

    fix: create and update card and scss

commit d18b2f026806fd038bc3cff0b09bede545c948c0
Author: Matthew Ahern <matt.r.ahern@gmail.com>
Date:   Sun Jul 7 09:31:38 2019 -0500

    fix: update text input scss

commit 0307fde651a4f98b2209747f4c31ed251bab1bd0
Author: Matthew Ahern <matt.r.ahern@gmail.com>
Date:   Sun Jul 7 09:18:40 2019 -0500

    fix: upgrade button component

commit 87466da8f2d43bf1238d90b4bb9a536636bbce6f
Author: Matthew Ahern <matt.r.ahern@gmail.com>
Date:   SUn Jul 7 09:07:59 2019 -0500

    fix: restructure the scss file tree

commit 1f22d17442437f85524386f061fe081a59f78bc6
Author: Matthew Ahern <matt.r.ahern@gmail.com>
Date:   Sun Jul 7 08:41:38 2019 -0500

    fix: create button component

commit a90184ae4d6e16ed62d24880b886a32124b501bd
Author: Matthew Ahern <matt.r.ahern@gmail.com>
Date:   Sun Jul 7 08:41:15 2019 -0500

    fix: update webpack and babel config

commit a6e0b2f17b7426f04cf5ba6c24ebc9a3d16f2d29
Author: Matthew Ahern <matt.r.ahern@gmail.com>
Date:   Sat Jul 6 21:46:51 2019 -0500

    fix: update less to scss and stub out button component

commit b1aac4eb20d36f4a5d4dd77f65404a7c921a8e1e
Author: Matthew Ahern <matt.r.ahern@gmail.com>
Date:   Sat Jul 6 21:00:40 2019 -0500

    fix: test verify address function

commit e1afab17a2ddc1b6c238519d063a0354329d18e2
Author: Matthew Ahern <matt.r.ahern@gmail.com>
Date:   Sat Jul 6 20:41:50 2019 -0500

    fix: create folders for components

commit 21a9e4208aa7c5c3dc6a759e8759cbd632730edc
Author: Matthew Ahern <matt.r.ahern@gmail.com>
Date:   Sat Jul 6 17:00:57 2019 -0500

    fix: update tests for actions and reducers

commit 16971e8dc9c1bdce626fa1ed800dddd7edc4e693
Author: Matthew Ahern <matt.r.ahern@gmail.com>
Date:   Sat Jul 6 16:57:39 2019 -0500

    fix: jest and enzyme setup

commit d90f6e2461aee95b1cde407b12f46fac457dce41
Author: Matthew Ahern <matt.r.ahern@gmail.com>
Date:   Sat Jul 6 16:34:21 2019 -0500

    fix: stub out redux store and functionality and added package for functionality

commit e1bb0e95b9d1beece5d03c5126d34907d522d7f0
Author: Matthew Ahern <matt.r.ahern@gmail.com>
Date:   Sat Jul 6 16:27:28 2019 -0500

    fix: stub file structure

commit 9a499036f03b25bc8bf9c95627b0d52478699ef6
Author: Matthew Ahern <matt.r.ahern@gmail.com>
Date:   Sat Jul 6 16:12:00 2019 -0500

    fix: update webpack config syntax for parsing:

commit 2fe4009781a939206db1b0c8e15036e9a2f24c06
Author: Matthew Ahern <matt.r.ahern@gmail.com>
Date:   Sat Jul 6 16:06:09 2019 -0500

    First commit
